<?xml version="1.0" encoding="UTF-8"?>
<!-- Generated by org.testng.reporters.JUnitReportReporter -->
<testsuite hostname="DESKTOP-501F2HP" failures="0" tests="4" name="testng.GroupingTests" time="0.006" errors="0" timestamp="2023-02-09T08:34:57 BDT" skipped="0">
  <testcase classname="testng.GroupingTests" name="aTest3" time="0.001"/>
  <system-out/>
  <testcase classname="testng.GroupingTests" name="aTest1" time="0.004"/>
  <system-out/>
  <testcase classname="testng.GroupingTests" name="aTest2" time="0.000"/>
  <system-out/>
  <testcase classname="testng.GroupingTests" name="aTest4" time="0.001"/>
  <system-out/>
</testsuite> <!-- testng.GroupingTests -->
