<?xml version="1.0" encoding="UTF-8"?>
<!-- Generated by org.testng.reporters.JUnitReportReporter -->
<testsuite hostname="DESKTOP-501F2HP" failures="0" tests="8" name="testng.DataProviderTest" time="0.063" errors="0" timestamp="2023-02-08T14:51:09 BDT" skipped="0">
  <testcase classname="testng.DataProviderTest" name="test1" time="0.002"/>
  <system-out/>
  <testcase classname="testng.DataProviderTest" name="test1" time="0.003"/>
  <system-out/>
  <testcase classname="testng.DataProviderTest" name="test1" time="0.001"/>
  <system-out/>
  <testcase classname="testng.DataProviderTest" name="test" time="0.032"/>
  <system-out/>
  <testcase classname="testng.DataProviderTest" name="test" time="0.020"/>
  <system-out/>
  <testcase classname="testng.DataProviderTest" name="test" time="0.001"/>
  <system-out/>
  <testcase classname="testng.DataProviderTest" name="test" time="0.002"/>
  <system-out/>
  <testcase classname="testng.DataProviderTest" name="test1" time="0.002"/>
  <system-out/>
</testsuite> <!-- testng.DataProviderTest -->
