<?xml version="1.0" encoding="UTF-8"?>
<!-- Generated by org.testng.reporters.JUnitReportReporter -->
<testsuite hostname="DESKTOP-501F2HP" failures="0" tests="2" name="testng.LoginTest" time="0.001" errors="0" timestamp="2023-02-08T11:13:23 BDT" skipped="0">
  <testcase classname="testng.LoginTest" name="aTest1" time="0.001"/>
  <system-out/>
  <testcase classname="testng.LoginTest" name="aTest2" time="0.000"/>
  <system-out/>
</testsuite> <!-- testng.LoginTest -->
