<?xml version="1.0" encoding="UTF-8"?>
<!-- Generated by org.testng.reporters.JUnitReportReporter -->
<testsuite hostname="DESKTOP-501F2HP" failures="0" tests="4" name="testng.GroupingTests2" time="0.007" errors="0" timestamp="2023-02-09T08:33:31 BDT" skipped="0">
  <testcase classname="testng.GroupingTests2" name="aTest3" time="0.001"/>
  <system-out/>
  <testcase classname="testng.GroupingTests2" name="aTest1" time="0.003"/>
  <system-out/>
  <testcase classname="testng.GroupingTests2" name="aTest2" time="0.002"/>
  <system-out/>
  <testcase classname="testng.GroupingTests2" name="aTest4" time="0.001"/>
  <system-out/>
</testsuite> <!-- testng.GroupingTests2 -->
