<?xml version="1.0" encoding="UTF-8"?>
<!-- Generated by org.testng.reporters.JUnitReportReporter -->
<testsuite hostname="DESKTOP-501F2HP" failures="0" tests="3" name="testng.SkippingTests" time="0.001" errors="0" timestamp="2023-02-08T11:13:23 BDT" skipped="2">
  <testcase classname="testng.SkippingTests" name="skipTest2" time="0.001">
    <skipped/>
  </testcase> <!-- skipTest2 -->
  <system-out/>
  <testcase classname="testng.SkippingTests" name="skipTest3" time="0.000"/>
  <system-out/>
  <testcase classname="testng.SkippingTests" name="skipTest1">
    <skipped/>
  </testcase> <!-- skipTest1 -->
  <system-out/>
</testsuite> <!-- testng.SkippingTests -->
