<?xml version="1.0" encoding="UTF-8"?>
<!-- Generated by org.testng.reporters.JUnitReportReporter -->
<testsuite hostname="DESKTOP-501F2HP" failures="0" tests="8" name="testng.DataProviderDemo" time="0.010" errors="0" timestamp="2023-02-08T16:07:07 BDT" skipped="0">
  <testcase classname="testng.DataProviderDemo" name="test" time="0.005"/>
  <system-out/>
  <testcase classname="testng.DataProviderDemo" name="test1" time="0.001"/>
  <system-out/>
  <testcase classname="testng.DataProviderDemo" name="test1" time="0.001"/>
  <system-out/>
  <testcase classname="testng.DataProviderDemo" name="test" time="0.001"/>
  <system-out/>
  <testcase classname="testng.DataProviderDemo" name="test" time="0.001"/>
  <system-out/>
  <testcase classname="testng.DataProviderDemo" name="test" time="0.000"/>
  <system-out/>
  <testcase classname="testng.DataProviderDemo" name="test1" time="0.000"/>
  <system-out/>
  <testcase classname="testng.DataProviderDemo" name="test1" time="0.001"/>
  <system-out/>
</testsuite> <!-- testng.DataProviderDemo -->
