<?xml version="1.0" encoding="UTF-8"?>
<!-- Generated by org.testng.reporters.JUnitReportReporter -->
<testsuite hostname="DESKTOP-501F2HP" failures="0" tests="1" name="testng.PassingParameters" time="3.136" errors="0" timestamp="2023-02-08T16:35:29 BDT" skipped="0">
  <testcase classname="testng.PassingParameters" name="launchApplication" time="3.136"/>
  <system-out/>
</testsuite> <!-- testng.PassingParameters -->
