<?xml version="1.0" encoding="UTF-8"?>
<!-- Generated by org.testng.reporters.JUnitReportReporter -->
<testsuite hostname="DESKTOP-501F2HP" failures="0" tests="1" name="testng.VerifyCorrectPage" time="4.138" errors="0" timestamp="2023-02-08T11:13:23 BDT" skipped="0">
  <testcase classname="testng.VerifyCorrectPage" name="titleTest" time="4.138"/>
  <system-out/>
</testsuite> <!-- testng.VerifyCorrectPage -->
