<?xml version="1.0" encoding="UTF-8"?>
<!-- Generated by org.testng.reporters.JUnitReportReporter -->
<testsuite hostname="DESKTOP-501F2HP" failures="0" tests="4" name="testng.Reporters" time="0.009" errors="0" timestamp="2023-02-09T09:53:18 BDT" skipped="0">
  <testcase classname="testng.Reporters" name="reporterTest3" time="0.000"/>
  <system-out>
Method name is reporterTest3 Status of exection is 1  </system-out>
  <testcase classname="testng.Reporters" name="reporterTest4" time="0.001"/>
  <system-out>
Method name is reporterTest4 Status of exection is 1  </system-out>
  <testcase classname="testng.Reporters" name="reporterTest1" time="0.006"/>
  <system-out>
Method name is reporterTest1 Status of exection is 1  </system-out>
  <testcase classname="testng.Reporters" name="reporterTest2" time="0.002"/>
  <system-out>
Method name is reporterTest2 Status of exection is 1  </system-out>
</testsuite> <!-- testng.Reporters -->
