<?xml version="1.0" encoding="UTF-8"?>
<!-- Generated by org.testng.reporters.JUnitReportReporter -->
<testsuite hostname="DESKTOP-501F2HP" failures="0" tests="1" name="testcases.SecondTest" time="20.592" errors="0" timestamp="2023-02-09T17:05:38 BDT" skipped="0">
  <testcase classname="testcases.SecondTest" name="loginTest" time="20.592"/>
  <system-out/>
</testsuite> <!-- testcases.SecondTest -->
